*** Starting uWSGI 2.0.18 (64bit) on [Tue Dec 22 10:29:24 2020] ***
compiled with version: 7.5.0 on 10 March 2020 05:06:23
os: Linux-4.18.0-15-generic #16~18.04.1-Ubuntu SMP Thu Feb 7 14:06:04 UTC 2019
nodename: tedu
machine: x86_64
clock source: unix
detected number of CPU cores: 4
current working directory: /home/tarena/bzx/month04/django/day08/mysite8/mysite8
writing pidfile to uwsgi.pid
detected binary path: /usr/local/bin/uwsgi
!!! no internal routing support, rebuild with pcre support !!!
uWSGI running as root, you can use --uid/--gid/--chroot options
*** WARNING: you are running uWSGI as root !!! (use the --uid flag) *** 
chdir() to /home/tarena/bzx/month04/django/day08/mysite8
your processes number limit is 31269
your memory page size is 4096 bytes
detected max file descriptor number: 1024
lock engine: pthread robust mutexes
thunder lock: disabled (you can enable it with --thunder-lock)
uWSGI http bound on 127.0.0.1:8000 fd 4
uwsgi socket 0 bound to TCP address 127.0.0.1:45671 (port auto-assigned) fd 3
uWSGI running as root, you can use --uid/--gid/--chroot options
*** WARNING: you are running uWSGI as root !!! (use the --uid flag) *** 
Python version: 3.6.9 (default, Nov  7 2019, 10:44:02)  [GCC 8.3.0]
Python main interpreter initialized at 0x5617e424ddd0
uWSGI running as root, you can use --uid/--gid/--chroot options
*** WARNING: you are running uWSGI as root !!! (use the --uid flag) *** 
python threads support enabled
your server socket listen backlog is limited to 100 connections
your mercy for graceful operations on workers is 60 seconds
mapped 166752 bytes (162 KB) for 2 cores
*** Operational MODE: threaded ***
WSGI app 0 (mountpoint='') ready in 1 seconds on interpreter 0x5617e424ddd0 pid: 17261 (default app)
uWSGI running as root, you can use --uid/--gid/--chroot options
*** WARNING: you are running uWSGI as root !!! (use the --uid flag) *** 
*** uWSGI is running in multiple interpreter mode ***
spawned uWSGI master process (pid: 17261)
spawned uWSGI worker 1 (pid: 17265, cores: 2)
spawned uWSGI http 1 (pid: 17266)
[pid: 17265|app: 0|req: 1/1] 127.0.0.1 () {46 vars in 847 bytes} [Tue Dec 22 10:33:51 2020] GET / => generated 77 bytes in 341 msecs (HTTP/1.1 404) 3 headers in 100 bytes (1 switches on core 0)
[pid: 17265|app: 0|req: 2/2] 127.0.0.1 () {44 vars in 765 bytes} [Tue Dec 22 10:33:51 2020] GET /favicon.ico => generated 77 bytes in 1 msecs (HTTP/1.1 404) 3 headers in 100 bytes (1 switches on core 1)
[pid: 17265|app: 0|req: 3/3] 127.0.0.1 () {46 vars in 862 bytes} [Tue Dec 22 10:39:45 2020] GET /user_reg => generated 463 bytes in 182 msecs (HTTP/1.1 200) 3 headers in 109 bytes (1 switches on core 0)
[pid: 17265|app: 0|req: 4/4] 127.0.0.1 () {46 vars in 865 bytes} [Tue Dec 22 10:40:02 2020] GET /main_view => generated 77 bytes in 0 msecs (HTTP/1.1 404) 3 headers in 100 bytes (1 switches on core 1)
[pid: 17265|app: 0|req: 5/5] 127.0.0.1 () {46 vars in 865 bytes} [Tue Dec 22 10:40:12 2020] GET /mail_view => generated 541 bytes in 9 msecs (HTTP/1.1 200) 3 headers in 109 bytes (1 switches on core 0)
[pid: 17265|app: 0|req: 6/6] 127.0.0.1 () {56 vars in 1056 bytes} [Tue Dec 22 10:41:18 2020] POST /mail_view => generated 12 bytes in 1394 msecs (HTTP/1.1 200) 3 headers in 108 bytes (1 switches on core 1)
[pid: 17265|app: 0|req: 7/7] 127.0.0.1 () {46 vars in 865 bytes} [Tue Dec 22 10:41:25 2020] GET /mail_view => generated 541 bytes in 1 msecs (HTTP/1.1 200) 3 headers in 109 bytes (1 switches on core 0)
SIGINT/SIGQUIT received...killing workers...
gateway "uWSGI http 1" has been buried (pid: 17266)
worker 1 buried after 1 seconds
goodbye to uWSGI.
*** Starting uWSGI 2.0.18 (64bit) on [Tue Dec 22 10:46:32 2020] ***
compiled with version: 7.5.0 on 10 March 2020 05:06:23
os: Linux-4.18.0-15-generic #16~18.04.1-Ubuntu SMP Thu Feb 7 14:06:04 UTC 2019
nodename: tedu
machine: x86_64
clock source: unix
detected number of CPU cores: 4
current working directory: /home/tarena/bzx/month04/django/day08/mysite8/mysite8
writing pidfile to uwsgi.pid
detected binary path: /usr/local/bin/uwsgi
!!! no internal routing support, rebuild with pcre support !!!
uWSGI running as root, you can use --uid/--gid/--chroot options
*** WARNING: you are running uWSGI as root !!! (use the --uid flag) *** 
chdir() to /home/tarena/bzx/month04/django/day08/mysite8
your processes number limit is 31269
your memory page size is 4096 bytes
detected max file descriptor number: 1024
lock engine: pthread robust mutexes
thunder lock: disabled (you can enable it with --thunder-lock)
uWSGI http bound on 127.0.0.1:8000 fd 4
uwsgi socket 0 bound to TCP address 127.0.0.1:33729 (port auto-assigned) fd 3
uWSGI running as root, you can use --uid/--gid/--chroot options
*** WARNING: you are running uWSGI as root !!! (use the --uid flag) *** 
Python version: 3.6.9 (default, Nov  7 2019, 10:44:02)  [GCC 8.3.0]
Python main interpreter initialized at 0x555e57a9fdd0
uWSGI running as root, you can use --uid/--gid/--chroot options
*** WARNING: you are running uWSGI as root !!! (use the --uid flag) *** 
python threads support enabled
your server socket listen backlog is limited to 100 connections
your mercy for graceful operations on workers is 60 seconds
mapped 166752 bytes (162 KB) for 2 cores
*** Operational MODE: threaded ***
WSGI app 0 (mountpoint='') ready in 1 seconds on interpreter 0x555e57a9fdd0 pid: 20297 (default app)
uWSGI running as root, you can use --uid/--gid/--chroot options
*** WARNING: you are running uWSGI as root !!! (use the --uid flag) *** 
*** uWSGI is running in multiple interpreter mode ***
spawned uWSGI master process (pid: 20297)
spawned uWSGI worker 1 (pid: 20299, cores: 2)
spawned uWSGI http 1 (pid: 20301)
[pid: 20299|app: 0|req: 1/1] 127.0.0.1 () {48 vars in 896 bytes} [Tue Dec 22 10:46:44 2020] GET /mail_view => generated 541 bytes in 54 msecs (HTTP/1.1 200) 3 headers in 109 bytes (1 switches on core 0)
[pid: 20299|app: 0|req: 2/2] 127.0.0.1 () {48 vars in 896 bytes} [Tue Dec 22 10:46:47 2020] GET /mail_view => generated 541 bytes in 0 msecs (HTTP/1.1 200) 3 headers in 109 bytes (1 switches on core 1)
[pid: 20299|app: 0|req: 3/3] 127.0.0.1 () {48 vars in 896 bytes} [Tue Dec 22 10:46:47 2020] GET /mail_view => generated 541 bytes in 0 msecs (HTTP/1.1 200) 3 headers in 109 bytes (1 switches on core 1)
[pid: 20299|app: 0|req: 4/4] 127.0.0.1 () {46 vars in 863 bytes} [Tue Dec 22 10:46:54 2020] GET /user_reg => generated 463 bytes in 2 msecs (HTTP/1.1 200) 3 headers in 109 bytes (1 switches on core 0)
SIGINT/SIGQUIT received...killing workers...
gateway "uWSGI http 1" has been buried (pid: 20301)
worker 1 buried after 1 seconds
goodbye to uWSGI.
*** Starting uWSGI 2.0.18 (64bit) on [Tue Dec 22 10:47:40 2020] ***
compiled with version: 7.5.0 on 10 March 2020 05:06:23
os: Linux-4.18.0-15-generic #16~18.04.1-Ubuntu SMP Thu Feb 7 14:06:04 UTC 2019
nodename: tedu
machine: x86_64
clock source: unix
detected number of CPU cores: 4
current working directory: /home/tarena/bzx/month04/django/day08/mysite8/mysite8
writing pidfile to uwsgi.pid
detected binary path: /usr/local/bin/uwsgi
!!! no internal routing support, rebuild with pcre support !!!
uWSGI running as root, you can use --uid/--gid/--chroot options
*** WARNING: you are running uWSGI as root !!! (use the --uid flag) *** 
chdir() to /home/tarena/bzx/month04/django/day08/mysite8
your processes number limit is 31269
your memory page size is 4096 bytes
detected max file descriptor number: 1024
lock engine: pthread robust mutexes
thunder lock: disabled (you can enable it with --thunder-lock)
uWSGI http bound on 127.0.0.1:8000 fd 4
uwsgi socket 0 bound to TCP address 127.0.0.1:39587 (port auto-assigned) fd 3
uWSGI running as root, you can use --uid/--gid/--chroot options
*** WARNING: you are running uWSGI as root !!! (use the --uid flag) *** 
Python version: 3.6.9 (default, Nov  7 2019, 10:44:02)  [GCC 8.3.0]
Python main interpreter initialized at 0x560867436dd0
uWSGI running as root, you can use --uid/--gid/--chroot options
*** WARNING: you are running uWSGI as root !!! (use the --uid flag) *** 
python threads support enabled
your server socket listen backlog is limited to 100 connections
your mercy for graceful operations on workers is 60 seconds
mapped 166752 bytes (162 KB) for 2 cores
*** Operational MODE: threaded ***
WSGI app 0 (mountpoint='') ready in 0 seconds on interpreter 0x560867436dd0 pid: 20330 (default app)
uWSGI running as root, you can use --uid/--gid/--chroot options
*** WARNING: you are running uWSGI as root !!! (use the --uid flag) *** 
*** uWSGI is running in multiple interpreter mode ***
spawned uWSGI master process (pid: 20330)
spawned uWSGI worker 1 (pid: 20332, cores: 2)
spawned uWSGI http 1 (pid: 20334)
[pid: 20332|app: 0|req: 1/1] 127.0.0.1 () {48 vars in 894 bytes} [Tue Dec 22 10:47:49 2020] GET /user_reg => generated 463 bytes in 36 msecs (HTTP/1.1 200) 3 headers in 109 bytes (1 switches on core 0)
[pid: 20332|app: 0|req: 2/2] 127.0.0.1 () {48 vars in 894 bytes} [Tue Dec 22 11:38:51 2020] GET /user_reg => generated 463 bytes in 1 msecs (HTTP/1.1 200) 3 headers in 109 bytes (1 switches on core 1)
[pid: 20332|app: 0|req: 3/3] 127.0.0.1 () {48 vars in 894 bytes} [Tue Dec 22 11:38:54 2020] GET /user_reg => generated 463 bytes in 3 msecs (HTTP/1.1 200) 3 headers in 109 bytes (1 switches on core 1)
[pid: 20332|app: 0|req: 4/4] 127.0.0.1 () {48 vars in 894 bytes} [Tue Dec 22 11:38:55 2020] GET /user_reg => generated 463 bytes in 0 msecs (HTTP/1.1 200) 3 headers in 109 bytes (1 switches on core 0)
SIGINT/SIGQUIT received...killing workers...
gateway "uWSGI http 1" has been buried (pid: 20334)
worker 1 buried after 1 seconds
goodbye to uWSGI.
*** Starting uWSGI 2.0.18 (64bit) on [Tue Dec 22 11:47:48 2020] ***
compiled with version: 7.5.0 on 10 March 2020 05:06:23
os: Linux-4.18.0-15-generic #16~18.04.1-Ubuntu SMP Thu Feb 7 14:06:04 UTC 2019
nodename: tedu
machine: x86_64
clock source: unix
detected number of CPU cores: 4
current working directory: /home/tarena/bzx/month04/django/day08/mysite8/mysite8
writing pidfile to uwsgi.pid
detected binary path: /usr/local/bin/uwsgi
!!! no internal routing support, rebuild with pcre support !!!
uWSGI running as root, you can use --uid/--gid/--chroot options
*** WARNING: you are running uWSGI as root !!! (use the --uid flag) *** 
chdir() to /home/tarena/bzx/month04/django/day08/mysite8
your processes number limit is 31269
your memory page size is 4096 bytes
detected max file descriptor number: 1024
lock engine: pthread robust mutexes
thunder lock: disabled (you can enable it with --thunder-lock)
uwsgi socket 0 bound to TCP address 127.0.0.1:8000 fd 3
uWSGI running as root, you can use --uid/--gid/--chroot options
*** WARNING: you are running uWSGI as root !!! (use the --uid flag) *** 
Python version: 3.6.9 (default, Nov  7 2019, 10:44:02)  [GCC 8.3.0]
Python main interpreter initialized at 0x56506a40dcd0
uWSGI running as root, you can use --uid/--gid/--chroot options
*** WARNING: you are running uWSGI as root !!! (use the --uid flag) *** 
python threads support enabled
your server socket listen backlog is limited to 100 connections
your mercy for graceful operations on workers is 60 seconds
mapped 166752 bytes (162 KB) for 2 cores
*** Operational MODE: threaded ***
WSGI app 0 (mountpoint='') ready in 0 seconds on interpreter 0x56506a40dcd0 pid: 5108 (default app)
uWSGI running as root, you can use --uid/--gid/--chroot options
*** WARNING: you are running uWSGI as root !!! (use the --uid flag) *** 
*** uWSGI is running in multiple interpreter mode ***
spawned uWSGI master process (pid: 5108)
spawned uWSGI worker 1 (pid: 5111, cores: 2)
[pid: 5111|app: 0|req: 1/1] 127.0.0.1 () {50 vars in 904 bytes} [Tue Dec 22 11:50:47 2020] GET /user_reg => generated 463 bytes in 44 msecs (HTTP/1.1 200) 3 headers in 109 bytes (1 switches on core 0)
[pid: 5111|app: 0|req: 2/2] 127.0.0.1 () {48 vars in 809 bytes} [Tue Dec 22 11:50:47 2020] GET /favicon.ico => generated 77 bytes in 1 msecs (HTTP/1.1 404) 3 headers in 100 bytes (1 switches on core 1)
[pid: 5111|app: 0|req: 3/3] 127.0.0.1 () {50 vars in 908 bytes} [Tue Dec 22 11:51:00 2020] GET /main_email => generated 77 bytes in 2 msecs (HTTP/1.1 404) 3 headers in 100 bytes (1 switches on core 1)
[pid: 5111|app: 0|req: 4/4] 127.0.0.1 () {50 vars in 908 bytes} [Tue Dec 22 11:51:12 2020] GET /mail_email => generated 77 bytes in 2 msecs (HTTP/1.1 404) 3 headers in 100 bytes (1 switches on core 0)
[pid: 5111|app: 0|req: 5/5] 127.0.0.1 () {50 vars in 906 bytes} [Tue Dec 22 11:51:20 2020] GET /mail_view => generated 541 bytes in 1 msecs (HTTP/1.1 200) 3 headers in 109 bytes (1 switches on core 1)
[pid: 5111|app: 0|req: 6/6] 127.0.0.1 () {50 vars in 904 bytes} [Tue Dec 22 11:51:31 2020] GET /user_reg => generated 463 bytes in 1 msecs (HTTP/1.1 200) 3 headers in 109 bytes (1 switches on core 0)
invalid request block size: 21573 (max 4096)...skip
invalid request block size: 21573 (max 4096)...skip
invalid request block size: 21573 (max 4096)...skip
invalid request block size: 21573 (max 4096)...skip
invalid request block size: 21573 (max 4096)...skip
[pid: 5111|app: 0|req: 7/7] 127.0.0.1 () {50 vars in 904 bytes} [Tue Dec 22 11:53:37 2020] GET /user_reg => generated 463 bytes in 1 msecs (HTTP/1.1 200) 3 headers in 109 bytes (1 switches on core 0)
[pid: 5111|app: 0|req: 8/8] 127.0.0.1 () {50 vars in 888 bytes} [Tue Dec 22 11:53:52 2020] GET / => generated 77 bytes in 1 msecs (HTTP/1.1 404) 3 headers in 100 bytes (1 switches on core 0)
[pid: 5111|app: 0|req: 9/9] 127.0.0.1 () {50 vars in 900 bytes} [Tue Dec 22 11:55:05 2020] GET /admin/ => generated 0 bytes in 60 msecs (HTTP/1.1 302) 7 headers in 265 bytes (1 switches on core 1)
[pid: 5111|app: 0|req: 10/10] 127.0.0.1 () {50 vars in 937 bytes} [Tue Dec 22 11:55:05 2020] GET /admin/login/?next=/admin/ => generated 1821 bytes in 192 msecs (HTTP/1.1 200) 7 headers in 395 bytes (1 switches on core 0)
[pid: 5111|app: 0|req: 11/11] 127.0.0.1 () {48 vars in 833 bytes} [Tue Dec 22 11:55:06 2020] GET /static/admin/css/base.css => generated 77 bytes in 1 msecs (HTTP/1.1 404) 3 headers in 100 bytes (1 switches on core 1)
[pid: 5111|app: 0|req: 13/12] 127.0.0.1 () {48 vars in 845 bytes} [Tue Dec 22 11:55:06 2020] GET /static/admin/css/responsive.css => generated 77 bytes in 2 msecs (HTTP/1.1 404) 3 headers in 100 bytes (1 switches on core 1)
[pid: 5111|app: 0|req: 13/13] 127.0.0.1 () {48 vars in 835 bytes} [Tue Dec 22 11:55:06 2020] GET /static/admin/css/login.css => generated 77 bytes in 2 msecs (HTTP/1.1 404) 3 headers in 100 bytes (1 switches on core 0)
[pid: 5111|app: 0|req: 14/14] 127.0.0.1 () {50 vars in 900 bytes} [Tue Dec 22 11:55:20 2020] GET /admin/ => generated 0 bytes in 2 msecs (HTTP/1.1 302) 7 headers in 265 bytes (1 switches on core 1)
[pid: 5111|app: 0|req: 15/15] 127.0.0.1 () {50 vars in 937 bytes} [Tue Dec 22 11:55:20 2020] GET /admin/login/?next=/admin/ => generated 1821 bytes in 8 msecs (HTTP/1.1 200) 7 headers in 395 bytes (1 switches on core 1)
[pid: 5111|app: 0|req: 17/16] 127.0.0.1 () {48 vars in 833 bytes} [Tue Dec 22 11:55:20 2020] GET /static/admin/css/base.css => generated 77 bytes in 2 msecs (HTTP/1.1 404) 3 headers in 100 bytes (1 switches on core 0)
[pid: 5111|app: 0|req: 17/17] 127.0.0.1 () {48 vars in 835 bytes} [Tue Dec 22 11:55:20 2020] GET /static/admin/css/login.css => generated 77 bytes in 1 msecs (HTTP/1.1 404) 3 headers in 100 bytes (1 switches on core 1)
[pid: 5111|app: 0|req: 18/18] 127.0.0.1 () {48 vars in 845 bytes} [Tue Dec 22 11:55:20 2020] GET /static/admin/css/responsive.css => generated 77 bytes in 1 msecs (HTTP/1.1 404) 3 headers in 100 bytes (1 switches on core 0)
[pid: 5111|app: 0|req: 19/19] 127.0.0.1 () {50 vars in 888 bytes} [Tue Dec 22 12:03:49 2020] GET / => generated 77 bytes in 2 msecs (HTTP/1.1 404) 3 headers in 100 bytes (1 switches on core 1)
[pid: 5111|app: 0|req: 20/20] 127.0.0.1 () {50 vars in 906 bytes} [Tue Dec 22 12:03:57 2020] GET /mail_view => generated 541 bytes in 1 msecs (HTTP/1.1 200) 3 headers in 109 bytes (1 switches on core 0)
[pid: 5111|app: 0|req: 21/21] 127.0.0.1 () {50 vars in 888 bytes} [Tue Dec 22 12:04:05 2020] GET / => generated 77 bytes in 3 msecs (HTTP/1.1 404) 3 headers in 100 bytes (1 switches on core 0)
[pid: 5111|app: 0|req: 22/22] 127.0.0.1 () {50 vars in 904 bytes} [Tue Dec 22 12:04:28 2020] GET /user_reg => generated 463 bytes in 2 msecs (HTTP/1.1 200) 3 headers in 109 bytes (1 switches on core 1)
[pid: 5111|app: 0|req: 23/23] 127.0.0.1 () {50 vars in 888 bytes} [Tue Dec 22 13:59:59 2020] GET / => generated 77 bytes in 1 msecs (HTTP/1.1 404) 3 headers in 100 bytes (1 switches on core 0)
invalid request block size: 21573 (max 4096)...skip
invalid request block size: 21573 (max 4096)...skip
invalid request block size: 21573 (max 4096)...skip
invalid request block size: 21573 (max 4096)...skip
invalid request block size: 21573 (max 4096)...skip
invalid request block size: 21573 (max 4096)...skip
[pid: 5111|app: 0|req: 24/24] 127.0.0.1 () {50 vars in 906 bytes} [Tue Dec 22 14:00:29 2020] GET /main_view => generated 77 bytes in 0 msecs (HTTP/1.1 404) 3 headers in 100 bytes (1 switches on core 1)
[pid: 5111|app: 0|req: 25/25] 127.0.0.1 () {50 vars in 906 bytes} [Tue Dec 22 14:00:59 2020] GET /mail_view => generated 541 bytes in 1 msecs (HTTP/1.1 200) 3 headers in 109 bytes (1 switches on core 0)
[pid: 5111|app: 0|req: 26/26] 127.0.0.1 () {50 vars in 900 bytes} [Tue Dec 22 14:15:37 2020] GET /admin/ => generated 0 bytes in 2 msecs (HTTP/1.1 302) 7 headers in 265 bytes (1 switches on core 1)
[pid: 5111|app: 0|req: 27/27] 127.0.0.1 () {50 vars in 937 bytes} [Tue Dec 22 14:15:37 2020] GET /admin/login/?next=/admin/ => generated 1821 bytes in 6 msecs (HTTP/1.1 200) 7 headers in 395 bytes (1 switches on core 1)
[pid: 5111|app: 0|req: 28/28] 127.0.0.1 () {50 vars in 906 bytes} [Tue Dec 22 14:29:35 2020] GET /mail_view => generated 541 bytes in 1 msecs (HTTP/1.1 200) 3 headers in 109 bytes (1 switches on core 0)
SIGINT/SIGQUIT received...killing workers...
worker 1 buried after 1 seconds
goodbye to uWSGI.
*** Starting uWSGI 2.0.18 (64bit) on [Tue Dec 22 14:34:16 2020] ***
compiled with version: 7.5.0 on 10 March 2020 05:06:23
os: Linux-4.18.0-15-generic #16~18.04.1-Ubuntu SMP Thu Feb 7 14:06:04 UTC 2019
nodename: tedu
machine: x86_64
clock source: unix
detected number of CPU cores: 4
current working directory: /home/tarena/bzx/month04/django/day08/mysite8/mysite8
writing pidfile to uwsgi.pid
detected binary path: /usr/local/bin/uwsgi
!!! no internal routing support, rebuild with pcre support !!!
uWSGI running as root, you can use --uid/--gid/--chroot options
*** WARNING: you are running uWSGI as root !!! (use the --uid flag) *** 
chdir() to /home/tarena/bzx/month04/django/day08/mysite8
your processes number limit is 31269
your memory page size is 4096 bytes
detected max file descriptor number: 1024
lock engine: pthread robust mutexes
thunder lock: disabled (you can enable it with --thunder-lock)
uwsgi socket 0 bound to TCP address 127.0.0.1:8000 fd 3
uWSGI running as root, you can use --uid/--gid/--chroot options
*** WARNING: you are running uWSGI as root !!! (use the --uid flag) *** 
Python version: 3.6.9 (default, Nov  7 2019, 10:44:02)  [GCC 8.3.0]
Python main interpreter initialized at 0x55cd39260cd0
uWSGI running as root, you can use --uid/--gid/--chroot options
*** WARNING: you are running uWSGI as root !!! (use the --uid flag) *** 
python threads support enabled
your server socket listen backlog is limited to 100 connections
your mercy for graceful operations on workers is 60 seconds
mapped 166752 bytes (162 KB) for 2 cores
*** Operational MODE: threaded ***
WSGI app 0 (mountpoint='') ready in 1 seconds on interpreter 0x55cd39260cd0 pid: 14532 (default app)
uWSGI running as root, you can use --uid/--gid/--chroot options
*** WARNING: you are running uWSGI as root !!! (use the --uid flag) *** 
*** uWSGI is running in multiple interpreter mode ***
spawned uWSGI master process (pid: 14532)
spawned uWSGI worker 1 (pid: 14535, cores: 2)
[pid: 14535|app: 0|req: 1/1] 127.0.0.1 () {50 vars in 914 bytes} [Tue Dec 22 14:34:58 2020] GET /mail_view/faf => generated 133 bytes in 45 msecs (HTTP/1.1 404) 3 headers in 116 bytes (1 switches on core 0)
SIGINT/SIGQUIT received...killing workers...
worker 1 buried after 1 seconds
goodbye to uWSGI.
